<?xml version="1.0" encoding="UTF-8"?>
<!-- Generated by org.testng.reporters.JUnitXMLReporter -->
<testsuite ignored="7" hostname="DESKTOP-R9JNNG2" failures="0" tests="0" name="Regression" time="0.164" errors="0" timestamp="2023-01-25T09:24:37 IST">
  <testcase classname="Test.LoginTest" name="withoutCredentials" time="0.0">
    <ignored/>
  </testcase> <!-- withoutCredentials -->
  <testcase classname="Test.LoginTest" name="withoutPassword" time="0.0">
    <ignored/>
  </testcase> <!-- withoutPassword -->
  <testcase classname="Test.RegisterTest" name="withoutLastName" time="0.0">
    <ignored/>
  </testcase> <!-- withoutLastName -->
  <testcase classname="Test.RegisterTest" name="noData" time="0.0">
    <ignored/>
  </testcase> <!-- noData -->
  <testcase classname="Test.LoginTest" name="checkCredentials" time="0.0">
    <ignored/>
  </testcase> <!-- checkCredentials -->
  <testcase classname="Test.LoginTest" name="invalidEmailType" time="0.0">
    <ignored/>
  </testcase> <!-- invalidEmailType -->
  <testcase classname="Test.LoginTest" name="validCredentials" time="0.0">
    <ignored/>
  </testcase> <!-- validCredentials -->
</testsuite> <!-- Regression -->
