<?xml version="1.0" encoding="UTF-8"?>
<!-- Generated by org.testng.reporters.JUnitXMLReporter -->
<testsuite ignored="0" hostname="DESKTOP-R9JNNG2" failures="0" tests="3" name="Test1" time="129.735" errors="0" timestamp="2023-01-28T22:28:53 IST">
  <testcase classname="Test.RegisterTest" name="invalidData" time="13.295"/>
  <testcase classname="Test.RegisterTest" name="noData" time="10.234"/>
  <testcase classname="Test.RegisterTest" name="withoutLastName" time="12.823"/>
</testsuite> <!-- Test1 -->
