<?xml version="1.0" encoding="UTF-8"?>
<!-- Generated by org.testng.reporters.JUnitXMLReporter -->
<testsuite ignored="0" hostname="DESKTOP-R9JNNG2" failures="0" tests="7" name="Test2" time="177.592" errors="0" timestamp="2023-01-28T22:29:36 IST">
  <testcase classname="Test.LoginTest" name="checkCredentials" time="7.058"/>
  <testcase classname="Test.LoginTest" name="checkCredentials" time="4.838"/>
  <testcase classname="Test.LoginTest" name="invalidEmailType" time="3.687"/>
  <testcase classname="Test.LoginTest" name="invalidPassword" time="0.988"/>
  <testcase classname="Test.LoginTest" name="validCredentials" time="1.315"/>
  <testcase classname="Test.LoginTest" name="withoutCredentials" time="4.003"/>
  <testcase classname="Test.LoginTest" name="withoutPassword" time="3.618"/>
</testsuite> <!-- Test2 -->
