<?xml version="1.0" encoding="UTF-8"?>
<!-- Generated by org.testng.reporters.JUnitXMLReporter -->
<testsuite ignored="0" hostname="DESKTOP-R9JNNG2" failures="6" tests="6" name="Test" time="104.446" errors="0" timestamp="2023-01-28T21:17:55 IST">
  <testcase classname="io.cucumber.testng.AbstractTestNGCucumberTests" name="runScenario" time="15.275">
    <failure type="java.lang.NullPointerException" message="Cannot invoke &amp;quot;org.testng.ITestContext.setAttribute(String, Object)&amp;quot; because &amp;quot;this.context&amp;quot; is null">
      <![CDATA[java.lang.NullPointerException: Cannot invoke "org.testng.ITestContext.setAttribute(String, Object)" because "this.context" is null
at Test.ProductTest.before_or_after(ProductTest.java:39)
]]>
    </failure>
  </testcase> <!-- runScenario -->
  <testcase classname="io.cucumber.testng.AbstractTestNGCucumberTests" name="runScenario" time="22.645">
    <failure type="java.lang.NullPointerException" message="Cannot invoke &amp;quot;org.testng.ITestContext.setAttribute(String, Object)&amp;quot; because &amp;quot;this.context&amp;quot; is null">
      <![CDATA[java.lang.NullPointerException: Cannot invoke "org.testng.ITestContext.setAttribute(String, Object)" because "this.context" is null
at Test.ProductTest.before_or_after(ProductTest.java:39)
]]>
    </failure>
  </testcase> <!-- runScenario -->
  <testcase classname="io.cucumber.testng.AbstractTestNGCucumberTests" name="runScenario" time="21.91">
    <failure type="java.lang.NullPointerException" message="Cannot invoke &amp;quot;org.testng.ITestContext.setAttribute(String, Object)&amp;quot; because &amp;quot;this.context&amp;quot; is null">
      <![CDATA[java.lang.NullPointerException: Cannot invoke "org.testng.ITestContext.setAttribute(String, Object)" because "this.context" is null
at Test.ProductTest.before_or_after(ProductTest.java:39)
]]>
    </failure>
  </testcase> <!-- runScenario -->
  <testcase classname="io.cucumber.testng.AbstractTestNGCucumberTests" name="runScenario" time="15.669">
    <failure type="java.lang.NullPointerException" message="Cannot invoke &amp;quot;org.testng.ITestContext.setAttribute(String, Object)&amp;quot; because &amp;quot;this.context&amp;quot; is null">
      <![CDATA[java.lang.NullPointerException: Cannot invoke "org.testng.ITestContext.setAttribute(String, Object)" because "this.context" is null
at Test.ProductTest.before_or_after(ProductTest.java:39)
]]>
    </failure>
  </testcase> <!-- runScenario -->
  <testcase classname="io.cucumber.testng.AbstractTestNGCucumberTests" name="runScenario" time="11.388">
    <failure type="java.lang.NullPointerException" message="Cannot invoke &amp;quot;org.testng.ITestContext.setAttribute(String, Object)&amp;quot; because &amp;quot;this.context&amp;quot; is null">
      <![CDATA[java.lang.NullPointerException: Cannot invoke "org.testng.ITestContext.setAttribute(String, Object)" because "this.context" is null
at Test.ProductTest.before_or_after(ProductTest.java:39)
]]>
    </failure>
  </testcase> <!-- runScenario -->
  <testcase classname="io.cucumber.testng.AbstractTestNGCucumberTests" name="runScenario" time="17.126">
    <failure type="java.lang.NullPointerException" message="Cannot invoke &amp;quot;org.testng.ITestContext.setAttribute(String, Object)&amp;quot; because &amp;quot;this.context&amp;quot; is null">
      <![CDATA[java.lang.NullPointerException: Cannot invoke "org.testng.ITestContext.setAttribute(String, Object)" because "this.context" is null
at Test.ProductTest.before_or_after(ProductTest.java:39)
]]>
    </failure>
  </testcase> <!-- runScenario -->
</testsuite> <!-- Test -->
