<?xml version="1.0" encoding="UTF-8"?>
<!-- Generated by org.testng.reporters.JUnitXMLReporter -->
<testsuite ignored="0" hostname="DESKTOP-R9JNNG2" failures="0" tests="10" name="Command line test" time="133.183" errors="0" timestamp="2023-01-28T22:34:59 IST">
  <testcase classname="Test.LoginTest" name="checkCredentials" time="1.415"/>
  <testcase classname="Test.LoginTest" name="checkCredentials" time="0.687"/>
  <testcase classname="Test.LoginTest" name="invalidEmailType" time="3.639"/>
  <testcase classname="Test.LoginTest" name="invalidPassword" time="0.7"/>
  <testcase classname="Test.LoginTest" name="validCredentials" time="0.876"/>
  <testcase classname="Test.LoginTest" name="withoutCredentials" time="3.494"/>
  <testcase classname="Test.LoginTest" name="withoutPassword" time="3.501"/>
  <testcase classname="Test.RegisterTest" name="invalidData" time="8.623"/>
  <testcase classname="Test.RegisterTest" name="noData" time="4.322"/>
  <testcase classname="Test.RegisterTest" name="withoutLastName" time="12.302"/>
</testsuite> <!-- Command line test -->
