<?xml version="1.0" encoding="UTF-8"?>
<!-- Generated by org.testng.reporters.JUnitXMLReporter -->
<testsuite ignored="0" hostname="DESKTOP-R9JNNG2" failures="0" tests="7" name="Test2" time="224.395" errors="0" timestamp="2023-01-28T23:03:48 IST">
  <testcase classname="Test.LoginTest" name="checkCredentials" time="0.0">
    <skipped/>
  </testcase> <!-- checkCredentials -->
  <testcase classname="Test.LoginTest" name="checkCredentials" time="0.001">
    <skipped/>
  </testcase> <!-- checkCredentials -->
  <testcase classname="Test.LoginTest" name="invalidEmailType" time="0.0">
    <skipped/>
  </testcase> <!-- invalidEmailType -->
  <testcase classname="Test.LoginTest" name="invalidPassword" time="0.0">
    <skipped/>
  </testcase> <!-- invalidPassword -->
  <testcase classname="Test.LoginTest" name="validCredentials" time="0.0">
    <skipped/>
  </testcase> <!-- validCredentials -->
  <testcase classname="Test.LoginTest" name="withoutCredentials" time="0.001">
    <skipped/>
  </testcase> <!-- withoutCredentials -->
  <testcase classname="Test.LoginTest" name="withoutPassword" time="0.0">
    <skipped/>
  </testcase> <!-- withoutPassword -->
</testsuite> <!-- Test2 -->
