<?xml version="1.0" encoding="UTF-8"?>
<!-- Generated by org.testng.reporters.JUnitXMLReporter -->
<testsuite ignored="0" hostname="DESKTOP-R9JNNG2" failures="0" tests="7" name="Test" time="288.647" errors="0" timestamp="2023-01-28T23:15:28 IST">
  <testcase classname="Test.LoginTest" name="checkCredentials" time="8.337"/>
  <testcase classname="Test.LoginTest" name="checkCredentials" time="0.884"/>
  <testcase classname="Test.LoginTest" name="invalidEmailType" time="4.111"/>
  <testcase classname="Test.LoginTest" name="invalidPassword" time="0.693"/>
  <testcase classname="Test.LoginTest" name="validCredentials" time="3.167"/>
  <testcase classname="Test.LoginTest" name="withoutCredentials" time="3.64"/>
  <testcase classname="Test.LoginTest" name="withoutPassword" time="4.106"/>
</testsuite> <!-- Test -->
