<?xml version="1.0" encoding="UTF-8"?>
<testng-results ignored="0" total="7" passed="7" failed="0" skipped="0">
  <reporter-output>
  </reporter-output>
  <suite started-at="2023-01-28T23:10:34 IST" name="Suite" finished-at="2023-01-28T23:15:23 IST" duration-ms="288647">
    <groups>
      <group name="regression">
        <method signature="LoginTest.invalidPassword()[pri:0, instance:Test.LoginTest@312aa7c]" name="invalidPassword" class="Test.LoginTest"/>
        <method signature="LoginTest.validCredentials()[pri:0, instance:Test.LoginTest@312aa7c]" name="validCredentials" class="Test.LoginTest"/>
      </group> <!-- regression -->
    </groups>
    <test started-at="2023-01-28T23:10:34 IST" name="Test" finished-at="2023-01-28T23:15:23 IST" duration-ms="288647">
      <class name="Test.LoginTest">
        <test-method is-config="true" signature="initialize()[pri:0, instance:Test.LoginTest@312aa7c]" started-at="2023-01-28T23:10:35 IST" name="initialize" finished-at="2023-01-28T23:11:14 IST" duration-ms="38622" status="PASS">
          <reporter-output>
          </reporter-output>
        </test-method> <!-- initialize -->
        <test-method is-config="true" signature="testContext(org.testng.ITestContext)[pri:0, instance:Test.LoginTest@312aa7c]" started-at="2023-01-28T23:11:14 IST" name="testContext" finished-at="2023-01-28T23:11:14 IST" depends-on-methods="Test.BaseTest.initialize" duration-ms="2" status="PASS">
          <params>
            <param index="0">
              <value>
                <![CDATA[org.testng.TestRunner@7abeabe9]]>
              </value>
            </param>
          </params>
          <reporter-output>
          </reporter-output>
        </test-method> <!-- testContext -->
        <test-method signature="checkCredentials(java.util.HashMap)[pri:0, instance:Test.LoginTest@312aa7c]" started-at="2023-01-28T23:11:14 IST" name="checkCredentials" data-provider="data" finished-at="2023-01-28T23:11:22 IST" duration-ms="8337" status="PASS">
          <params>
            <param index="0">
              <value>
                <![CDATA[{message=Login Successfully, password=Vk@vk.c0m, email=vk@vk.com}]]>
              </value>
            </param>
          </params>
          <reporter-output>
          </reporter-output>
        </test-method> <!-- checkCredentials -->
        <test-method is-config="true" signature="closeBrowser()[pri:0, instance:Test.LoginTest@312aa7c]" started-at="2023-01-28T23:11:23 IST" name="closeBrowser" finished-at="2023-01-28T23:11:25 IST" duration-ms="2089" status="PASS">
          <reporter-output>
          </reporter-output>
        </test-method> <!-- closeBrowser -->
        <test-method is-config="true" signature="initialize()[pri:0, instance:Test.LoginTest@312aa7c]" started-at="2023-01-28T23:11:25 IST" name="initialize" finished-at="2023-01-28T23:11:57 IST" duration-ms="32444" status="PASS">
          <reporter-output>
          </reporter-output>
        </test-method> <!-- initialize -->
        <test-method is-config="true" signature="testContext(org.testng.ITestContext)[pri:0, instance:Test.LoginTest@312aa7c]" started-at="2023-01-28T23:11:57 IST" name="testContext" finished-at="2023-01-28T23:11:57 IST" depends-on-methods="Test.BaseTest.initialize" duration-ms="2" status="PASS">
          <params>
            <param index="0">
              <value>
                <![CDATA[org.testng.TestRunner@7abeabe9]]>
              </value>
            </param>
          </params>
          <reporter-output>
          </reporter-output>
        </test-method> <!-- testContext -->
        <test-method signature="checkCredentials(java.util.HashMap)[pri:0, instance:Test.LoginTest@312aa7c]" started-at="2023-01-28T23:11:57 IST" name="checkCredentials" data-provider="data" finished-at="2023-01-28T23:11:58 IST" duration-ms="884" status="PASS">
          <params>
            <param index="0">
              <value>
                <![CDATA[{message=Incorrect email or password., password=@run@bh!, email=arun@abhi.com}]]>
              </value>
            </param>
          </params>
          <reporter-output>
          </reporter-output>
        </test-method> <!-- checkCredentials -->
        <test-method is-config="true" signature="closeBrowser()[pri:0, instance:Test.LoginTest@312aa7c]" started-at="2023-01-28T23:12:09 IST" name="closeBrowser" finished-at="2023-01-28T23:12:17 IST" duration-ms="8160" status="PASS">
          <reporter-output>
          </reporter-output>
        </test-method> <!-- closeBrowser -->
        <test-method is-config="true" signature="initialize()[pri:0, instance:Test.LoginTest@312aa7c]" started-at="2023-01-28T23:12:17 IST" name="initialize" finished-at="2023-01-28T23:13:13 IST" duration-ms="55660" status="PASS">
          <reporter-output>
          </reporter-output>
        </test-method> <!-- initialize -->
        <test-method signature="invalidEmailType()[pri:0, instance:Test.LoginTest@312aa7c]" started-at="2023-01-28T23:13:13 IST" name="invalidEmailType" finished-at="2023-01-28T23:13:17 IST" duration-ms="4111" status="PASS">
          <reporter-output>
          </reporter-output>
        </test-method> <!-- invalidEmailType -->
        <test-method is-config="true" signature="testContext(org.testng.ITestContext)[pri:0, instance:Test.LoginTest@312aa7c]" started-at="2023-01-28T23:13:13 IST" name="testContext" finished-at="2023-01-28T23:13:13 IST" depends-on-methods="Test.BaseTest.initialize" duration-ms="0" status="PASS">
          <params>
            <param index="0">
              <value>
                <![CDATA[org.testng.TestRunner@7abeabe9]]>
              </value>
            </param>
          </params>
          <reporter-output>
          </reporter-output>
        </test-method> <!-- testContext -->
        <test-method is-config="true" signature="closeBrowser()[pri:0, instance:Test.LoginTest@312aa7c]" started-at="2023-01-28T23:13:18 IST" name="closeBrowser" finished-at="2023-01-28T23:13:21 IST" duration-ms="3376" status="PASS">
          <reporter-output>
          </reporter-output>
        </test-method> <!-- closeBrowser -->
        <test-method is-config="true" signature="initialize()[pri:0, instance:Test.LoginTest@312aa7c]" started-at="2023-01-28T23:13:21 IST" name="initialize" finished-at="2023-01-28T23:13:43 IST" duration-ms="21759" status="PASS">
          <reporter-output>
          </reporter-output>
        </test-method> <!-- initialize -->
        <test-method is-config="true" signature="testContext(org.testng.ITestContext)[pri:0, instance:Test.LoginTest@312aa7c]" started-at="2023-01-28T23:13:43 IST" name="testContext" finished-at="2023-01-28T23:13:43 IST" depends-on-methods="Test.BaseTest.initialize" duration-ms="1" status="PASS">
          <params>
            <param index="0">
              <value>
                <![CDATA[org.testng.TestRunner@7abeabe9]]>
              </value>
            </param>
          </params>
          <reporter-output>
          </reporter-output>
        </test-method> <!-- testContext -->
        <test-method signature="invalidPassword()[pri:0, instance:Test.LoginTest@312aa7c]" started-at="2023-01-28T23:13:43 IST" name="invalidPassword" finished-at="2023-01-28T23:13:44 IST" duration-ms="693" status="PASS">
          <reporter-output>
          </reporter-output>
        </test-method> <!-- invalidPassword -->
        <test-method is-config="true" signature="closeBrowser()[pri:0, instance:Test.LoginTest@312aa7c]" started-at="2023-01-28T23:13:46 IST" name="closeBrowser" finished-at="2023-01-28T23:13:55 IST" duration-ms="9709" status="PASS">
          <reporter-output>
          </reporter-output>
        </test-method> <!-- closeBrowser -->
        <test-method is-config="true" signature="initialize()[pri:0, instance:Test.LoginTest@312aa7c]" started-at="2023-01-28T23:13:55 IST" name="initialize" finished-at="2023-01-28T23:14:29 IST" duration-ms="33453" status="PASS">
          <reporter-output>
          </reporter-output>
        </test-method> <!-- initialize -->
        <test-method is-config="true" signature="testContext(org.testng.ITestContext)[pri:0, instance:Test.LoginTest@312aa7c]" started-at="2023-01-28T23:14:29 IST" name="testContext" finished-at="2023-01-28T23:14:29 IST" depends-on-methods="Test.BaseTest.initialize" duration-ms="5" status="PASS">
          <params>
            <param index="0">
              <value>
                <![CDATA[org.testng.TestRunner@7abeabe9]]>
              </value>
            </param>
          </params>
          <reporter-output>
          </reporter-output>
        </test-method> <!-- testContext -->
        <test-method signature="validCredentials()[pri:0, instance:Test.LoginTest@312aa7c]" started-at="2023-01-28T23:14:29 IST" name="validCredentials" finished-at="2023-01-28T23:14:32 IST" duration-ms="3167" status="PASS">
          <reporter-output>
          </reporter-output>
        </test-method> <!-- validCredentials -->
        <test-method is-config="true" signature="closeBrowser()[pri:0, instance:Test.LoginTest@312aa7c]" started-at="2023-01-28T23:14:32 IST" name="closeBrowser" finished-at="2023-01-28T23:14:37 IST" duration-ms="4415" status="PASS">
          <reporter-output>
          </reporter-output>
        </test-method> <!-- closeBrowser -->
        <test-method is-config="true" signature="initialize()[pri:0, instance:Test.LoginTest@312aa7c]" started-at="2023-01-28T23:14:37 IST" name="initialize" finished-at="2023-01-28T23:14:53 IST" duration-ms="15938" status="PASS">
          <reporter-output>
          </reporter-output>
        </test-method> <!-- initialize -->
        <test-method is-config="true" signature="testContext(org.testng.ITestContext)[pri:0, instance:Test.LoginTest@312aa7c]" started-at="2023-01-28T23:14:53 IST" name="testContext" finished-at="2023-01-28T23:14:53 IST" depends-on-methods="Test.BaseTest.initialize" duration-ms="1" status="PASS">
          <params>
            <param index="0">
              <value>
                <![CDATA[org.testng.TestRunner@7abeabe9]]>
              </value>
            </param>
          </params>
          <reporter-output>
          </reporter-output>
        </test-method> <!-- testContext -->
        <test-method signature="withoutCredentials()[pri:0, instance:Test.LoginTest@312aa7c]" started-at="2023-01-28T23:14:53 IST" name="withoutCredentials" finished-at="2023-01-28T23:14:56 IST" duration-ms="3640" status="PASS">
          <reporter-output>
          </reporter-output>
        </test-method> <!-- withoutCredentials -->
        <test-method is-config="true" signature="closeBrowser()[pri:0, instance:Test.LoginTest@312aa7c]" started-at="2023-01-28T23:14:57 IST" name="closeBrowser" finished-at="2023-01-28T23:14:58 IST" duration-ms="840" status="PASS">
          <reporter-output>
          </reporter-output>
        </test-method> <!-- closeBrowser -->
        <test-method is-config="true" signature="initialize()[pri:0, instance:Test.LoginTest@312aa7c]" started-at="2023-01-28T23:14:58 IST" name="initialize" finished-at="2023-01-28T23:15:16 IST" duration-ms="18334" status="PASS">
          <reporter-output>
          </reporter-output>
        </test-method> <!-- initialize -->
        <test-method is-config="true" signature="testContext(org.testng.ITestContext)[pri:0, instance:Test.LoginTest@312aa7c]" started-at="2023-01-28T23:15:16 IST" name="testContext" finished-at="2023-01-28T23:15:16 IST" depends-on-methods="Test.BaseTest.initialize" duration-ms="2" status="PASS">
          <params>
            <param index="0">
              <value>
                <![CDATA[org.testng.TestRunner@7abeabe9]]>
              </value>
            </param>
          </params>
          <reporter-output>
          </reporter-output>
        </test-method> <!-- testContext -->
        <test-method signature="withoutPassword()[pri:0, instance:Test.LoginTest@312aa7c]" started-at="2023-01-28T23:15:16 IST" name="withoutPassword" finished-at="2023-01-28T23:15:20 IST" duration-ms="4106" status="PASS">
          <reporter-output>
          </reporter-output>
        </test-method> <!-- withoutPassword -->
        <test-method is-config="true" signature="closeBrowser()[pri:0, instance:Test.LoginTest@312aa7c]" started-at="2023-01-28T23:15:21 IST" name="closeBrowser" finished-at="2023-01-28T23:15:23 IST" duration-ms="1439" status="PASS">
          <reporter-output>
          </reporter-output>
        </test-method> <!-- closeBrowser -->
      </class> <!-- Test.LoginTest -->
    </test> <!-- Test -->
  </suite> <!-- Suite -->
</testng-results>
